<?xml version="1.0" encoding="UTF-8"?>
<testng-results ignored="0" total="6" passed="6" failed="0" skipped="0">
  <reporter-output>
  </reporter-output>
  <suite started-at="2020-05-11T14:09:18 COT" name="Suite" finished-at="2020-05-11T14:09:18 COT" duration-ms="32">
    <groups>
    </groups>
    <test started-at="2020-05-11T14:09:18 COT" name="Test" finished-at="2020-05-11T14:09:18 COT" duration-ms="32">
      <class name="qaclickacademy.AppiumTest">
        <test-method signature="IOSApps()[pri:0, instance:qaclickacademy.AppiumTest@38102d01]" started-at="2020-05-11T14:09:18 COT" name="IOSApps" finished-at="2020-05-11T14:09:18 COT" duration-ms="2" status="PASS">
          <reporter-output>
          </reporter-output>
        </test-method> <!-- IOSApps -->
        <test-method signature="NativeAPpAndroid()[pri:0, instance:qaclickacademy.AppiumTest@38102d01]" started-at="2020-05-11T14:09:18 COT" name="NativeAPpAndroid" finished-at="2020-05-11T14:09:18 COT" duration-ms="0" status="PASS">
          <reporter-output>
          </reporter-output>
        </test-method> <!-- NativeAPpAndroid -->
      </class> <!-- qaclickacademy.AppiumTest -->
      <class name="qaclickacademy.RESTAPITest">
        <test-method signature="deleteTwittter()[pri:0, instance:qaclickacademy.RESTAPITest@6ab778a]" started-at="2020-05-11T14:09:18 COT" name="deleteTwittter" finished-at="2020-05-11T14:09:18 COT" duration-ms="0" status="PASS">
          <reporter-output>
          </reporter-output>
        </test-method> <!-- deleteTwittter -->
        <test-method signature="posJira()[pri:0, instance:qaclickacademy.RESTAPITest@6ab778a]" started-at="2020-05-11T14:09:18 COT" name="posJira" finished-at="2020-05-11T14:09:18 COT" duration-ms="0" status="PASS">
          <reporter-output>
          </reporter-output>
        </test-method> <!-- posJira -->
      </class> <!-- qaclickacademy.RESTAPITest -->
      <class name="qaclickacademy.SeleniumTest">
        <test-method signature="BrowserAUtomation()[pri:0, instance:qaclickacademy.SeleniumTest@37883b97]" started-at="2020-05-11T14:09:18 COT" name="BrowserAUtomation" finished-at="2020-05-11T14:09:18 COT" duration-ms="0" status="PASS">
          <reporter-output>
          </reporter-output>
        </test-method> <!-- BrowserAUtomation -->
        <test-method signature="elementsUI()[pri:0, instance:qaclickacademy.SeleniumTest@37883b97]" started-at="2020-05-11T14:09:18 COT" name="elementsUI" finished-at="2020-05-11T14:09:18 COT" duration-ms="1" status="PASS">
          <reporter-output>
          </reporter-output>
        </test-method> <!-- elementsUI -->
      </class> <!-- qaclickacademy.SeleniumTest -->
    </test> <!-- Test -->
  </suite> <!-- Suite -->
</testng-results>
